# JRE version: 7.0_09-b30
# Java VM: OpenJDK 64-Bit Server VM (23.2-b09 mixed mode linux-amd64 compressed oops)
Heap
 PSYoungGen      total 272128K, used 252976K [0x00000007d6f60000, 0x00000007eaa40000, 0x0000000800000000)
  eden space 240064K, 92% used [0x00000007d6f60000,0x00000007e471f5b8,0x00000007e59d0000)
  from space 32064K, 99% used [0x00000007e7f10000,0x00000007e9e5cda8,0x00000007e9e60000)
  to   space 38144K, 0% used [0x00000007e59d0000,0x00000007e59d0000,0x00000007e7f10000)
 ParOldGen       total 84032K, used 55252K [0x0000000784e00000, 0x000000078a010000, 0x00000007d6f60000)
  object space 84032K, 65% used [0x0000000784e00000,0x00000007883f5220,0x000000078a010000)
 PSPermGen       total 78464K, used 78405K [0x0000000764e00000, 0x0000000769aa0000, 0x0000000784e00000)
  object space 78464K, 99% used [0x0000000764e00000,0x0000000769a914a8,0x0000000769aa0000)
GC Heap History (10 events):
Event: 1.964 GC heap before
{Heap before GC invocations=4 (full 0):
 PSYoungGen      total 36736K, used 36724K [0x00000007d6f60000, 0x00000007db720000, 0x0000000800000000)
  eden space 31488K, 100% used [0x00000007d6f60000,0x00000007d8e20000,0x00000007d8e20000)
  from space 5248K, 99% used [0x00000007d8e20000,0x00000007d933d3c8,0x00000007d9340000)
  to   space 5248K, 0% used [0x00000007db200000,0x00000007db200000,0x00000007db720000)
 ParOldGen       total 84032K, used 15667K [0x0000000784e00000, 0x000000078a010000, 0x00000007d6f60000)
  object space 84032K, 18% used [0x0000000784e00000,0x0000000785d4cd80,0x000000078a010000)
 PSPermGen       total 32960K, used 32936K [0x0000000764e00000, 0x0000000766e30000, 0x0000000784e00000)
  object space 32960K, 99% used [0x0000000764e00000,0x0000000766e2a0e0,0x0000000766e30000)
Event: 1.982 GC heap after
Heap after GC invocations=4 (full 0):
 PSYoungGen      total 68224K, used 5221K [0x00000007d6f60000, 0x00000007db720000, 0x0000000800000000)
  eden space 62976K, 0% used [0x00000007d6f60000,0x00000007d6f60000,0x00000007dace0000)
  from space 5248K, 99% used [0x00000007db200000,0x00000007db719458,0x00000007db720000)
  to   space 5248K, 0% used [0x00000007dace0000,0x00000007dace0000,0x00000007db200000)
 ParOldGen       total 84032K, used 25488K [0x0000000784e00000, 0x000000078a010000, 0x00000007d6f60000)
  object space 84032K, 30% used [0x0000000784e00000,0x00000007866e4068,0x000000078a010000)
 PSPermGen       total 32960K, used 32936K [0x0000000764e00000, 0x0000000766e30000, 0x0000000784e00000)
  object space 32960K, 99% used [0x0000000764e00000,0x0000000766e2a0e0,0x0000000766e30000)
}
Event: 2.495 GC heap before
{Heap before GC invocations=5 (full 0):
 PSYoungGen      total 68224K, used 68197K [0x00000007d6f60000, 0x00000007db720000, 0x0000000800000000)
  eden space 62976K, 100% used [0x00000007d6f60000,0x00000007dace0000,0x00000007dace0000)
  from space 5248K, 99% used [0x00000007db200000,0x00000007db719458,0x00000007db720000)
  to   space 5248K, 0% used [0x00000007dace0000,0x00000007dace0000,0x00000007db200000)
 ParOldGen       total 84032K, used 25488K [0x0000000784e00000, 0x000000078a010000, 0x00000007d6f60000)
  object space 84032K, 30% used [0x0000000784e00000,0x00000007866e4068,0x000000078a010000)
 PSPermGen       total 37184K, used 37014K [0x0000000764e00000, 0x0000000767250000, 0x0000000784e00000)
  object space 37184K, 99% used [0x0000000764e00000,0x0000000767225a50,0x0000000767250000)
Event: 2.517 GC heap after
Heap after GC invocations=5 (full 0):
 PSYoungGen      total 68224K, used 5220K [0x00000007d6f60000, 0x00000007e0dc0000, 0x0000000800000000)
  eden space 62976K, 0% used [0x00000007d6f60000,0x00000007d6f60000,0x00000007dace0000)
  from space 5248K, 99% used [0x00000007dace0000,0x00000007db1f93b8,0x00000007db200000)
  to   space 18112K, 0% used [0x00000007dfc10000,0x00000007dfc10000,0x00000007e0dc0000)
 ParOldGen       total 84032K, used 35017K [0x0000000784e00000, 0x000000078a010000, 0x00000007d6f60000)
  object space 84032K, 41% used [0x0000000784e00000,0x0000000787032610,0x000000078a010000)
 PSPermGen       total 37184K, used 37014K [0x0000000764e00000, 0x0000000767250000, 0x0000000784e00000)
  object space 37184K, 99% used [0x0000000764e00000,0x0000000767225a50,0x0000000767250000)
}
Event: 2.783 GC heap before
{Heap before GC invocations=6 (full 0):
 PSYoungGen      total 68224K, used 68196K [0x00000007d6f60000, 0x00000007e0dc0000, 0x0000000800000000)
  eden space 62976K, 100% used [0x00000007d6f60000,0x00000007dace0000,0x00000007dace0000)
  from space 5248K, 99% used [0x00000007dace0000,0x00000007db1f93b8,0x00000007db200000)
  to   space 18112K, 0% used [0x00000007dfc10000,0x00000007dfc10000,0x00000007e0dc0000)
 ParOldGen       total 84032K, used 35017K [0x0000000784e00000, 0x000000078a010000, 0x00000007d6f60000)
  object space 84032K, 41% used [0x0000000784e00000,0x0000000787032610,0x000000078a010000)
 PSPermGen       total 37376K, used 37269K [0x0000000764e00000, 0x0000000767280000, 0x0000000784e00000)
  object space 37376K, 99% used [0x0000000764e00000,0x0000000767265578,0x0000000767280000)
Event: 2.803 GC heap after
Heap after GC invocations=6 (full 0):
 PSYoungGen      total 141184K, used 18103K [0x00000007d6f60000, 0x00000007e1360000, 0x0000000800000000)
  eden space 123072K, 0% used [0x00000007d6f60000,0x00000007d6f60000,0x00000007de790000)
  from space 18112K, 99% used [0x00000007dfc10000,0x00000007e0dbdec0,0x00000007e0dc0000)
  to   space 20992K, 0% used [0x00000007de790000,0x00000007de790000,0x00000007dfc10000)
 ParOldGen       total 84032K, used 35890K [0x0000000784e00000, 0x000000078a010000, 0x00000007d6f60000)
  object space 84032K, 42% used [0x0000000784e00000,0x000000078710c948,0x000000078a010000)
 PSPermGen       total 37376K, used 37269K [0x0000000764e00000, 0x0000000767280000, 0x0000000784e00000)
  object space 37376K, 99% used [0x0000000764e00000,0x0000000767265578,0x0000000767280000)
}
Event: 3.289 GC heap before
{Heap before GC invocations=7 (full 0):
 PSYoungGen      total 141184K, used 141175K [0x00000007d6f60000, 0x00000007e1360000, 0x0000000800000000)
  eden space 123072K, 100% used [0x00000007d6f60000,0x00000007de790000,0x00000007de790000)
  from space 18112K, 99% used [0x00000007dfc10000,0x00000007e0dbdec0,0x00000007e0dc0000)
  to   space 20992K, 0% used [0x00000007de790000,0x00000007de790000,0x00000007dfc10000)
 ParOldGen       total 84032K, used 35890K [0x0000000784e00000, 0x000000078a010000, 0x00000007d6f60000)
  object space 84032K, 42% used [0x0000000784e00000,0x000000078710c948,0x000000078a010000)
 PSPermGen       total 40640K, used 40561K [0x0000000764e00000, 0x00000007675b0000, 0x0000000784e00000)
  object space 40640K, 99% used [0x0000000764e00000,0x000000076759c400,0x00000007675b0000)
Event: 3.327 GC heap after
Heap after GC invocations=7 (full 0):
 PSYoungGen      total 144064K, used 20990K [0x00000007d6f60000, 0x00000007e9e60000, 0x0000000800000000)
  eden space 123072K, 0% used [0x00000007d6f60000,0x00000007d6f60000,0x00000007de790000)
  from space 20992K, 99% used [0x00000007de790000,0x00000007dfc0f998,0x00000007dfc10000)
  to   space 32064K, 0% used [0x00000007e7f10000,0x00000007e7f10000,0x00000007e9e60000)
 ParOldGen       total 84032K, used 52465K [0x0000000784e00000, 0x000000078a010000, 0x00000007d6f60000)
  object space 84032K, 62% used [0x0000000784e00000,0x000000078813c7b8,0x000000078a010000)
 PSPermGen       total 40640K, used 40561K [0x0000000764e00000, 0x00000007675b0000, 0x0000000784e00000)
  object space 40640K, 99% used [0x0000000764e00000,0x000000076759c400,0x00000007675b0000)
}
Event: 4.812 GC heap before
{Heap before GC invocations=8 (full 0):
 PSYoungGen      total 144064K, used 144062K [0x00000007d6f60000, 0x00000007e9e60000, 0x0000000800000000)
  eden space 123072K, 100% used [0x00000007d6f60000,0x00000007de790000,0x00000007de790000)
  from space 20992K, 99% used [0x00000007de790000,0x00000007dfc0f998,0x00000007dfc10000)
  to   space 32064K, 0% used [0x00000007e7f10000,0x00000007e7f10000,0x00000007e9e60000)
 ParOldGen       total 84032K, used 52465K [0x0000000784e00000, 0x000000078a010000, 0x00000007d6f60000)
  object space 84032K, 62% used [0x0000000784e00000,0x000000078813c7b8,0x000000078a010000)
 PSPermGen       total 60608K, used 60451K [0x0000000764e00000, 0x0000000768930000, 0x0000000784e00000)
  object space 60608K, 99% used [0x0000000764e00000,0x0000000768908ef0,0x0000000768930000)
Event: 4.851 GC heap after
Heap after GC invocations=8 (full 0):
 PSYoungGen      total 272128K, used 32051K [0x00000007d6f60000, 0x00000007eaa40000, 0x0000000800000000)
  eden space 240064K, 0% used [0x00000007d6f60000,0x00000007d6f60000,0x00000007e59d0000)
  from space 32064K, 99% used [0x00000007e7f10000,0x00000007e9e5cda8,0x00000007e9e60000)
  to   space 38144K, 0% used [0x00000007e59d0000,0x00000007e59d0000,0x00000007e7f10000)
 ParOldGen       total 84032K, used 55252K [0x0000000784e00000, 0x000000078a010000, 0x00000007d6f60000)
  object space 84032K, 65% used [0x0000000784e00000,0x00000007883f5220,0x000000078a010000)
 PSPermGen       total 60608K, used 60451K [0x0000000764e00000, 0x0000000768930000, 0x0000000784e00000)
  object space 60608K, 99% used [0x0000000764e00000,0x0000000768908ef0,0x0000000768930000)
}

